<?xml version="1.0" encoding="UTF-8" ?>
<testsuites disabled="0" errors="0" failures="1" tests="2" time="5.758">
 <testsuite name="demo calculator tests" timestamp="2021-04-20T18:33:11" hostname="localhost" time="5.758" errors="0" tests="2" skipped="0" disabled="0" failures="1">
  <testcase classname="demo calculator tests" name="addition tests" time="5.672" />
  <testcase classname="demo calculator tests" name="subtraction tests" time="0.082">
   <failure type="exception" message="Failed: HomePage.clickGo1 is not a function"><![CDATA[TypeError: HomePage.clickGo1 is not a function
    at UserContext.<anonymous> (C:\Users\skowkuntla\Desktop\Protractor\Learning\tests\calculator_spec.js:31:23)
    at C:\Users\skowkuntla\AppData\Roaming\npm\node_modules\protractor\node_modules\jasminewd2\index.js:112:25
    at new ManagedPromise (C:\Users\skowkuntla\AppData\Roaming\npm\node_modules\protractor\node_modules\selenium-webdriver\lib\promise.js:1077:7)
    at ControlFlow.promise (C:\Users\skowkuntla\AppData\Roaming\npm\node_modules\protractor\node_modules\selenium-webdriver\lib\promise.js:2505:12)
    at schedulerExecute (C:\Users\skowkuntla\AppData\Roaming\npm\node_modules\protractor\node_modules\jasminewd2\index.js:95:18)
    at TaskQueue.execute_ (C:\Users\skowkuntla\AppData\Roaming\npm\node_modules\protractor\node_modules\selenium-webdriver\lib\promise.js:3084:14)
    at TaskQueue.executeNext_ (C:\Users\skowkuntla\AppData\Roaming\npm\node_modules\protractor\node_modules\selenium-webdriver\lib\promise.js:3067:27)
    at C:\Users\skowkuntla\AppData\Roaming\npm\node_modules\protractor\node_modules\selenium-webdriver\lib\promise.js:2927:27
    at C:\Users\skowkuntla\AppData\Roaming\npm\node_modules\protractor\node_modules\selenium-webdriver\lib\promise.js:668:7
    at processTicksAndRejections (node:internal/process/task_queues:93:5)
From: Task: Run it("subtraction tests") in control flow
    at UserContext.<anonymous> (C:\Users\skowkuntla\AppData\Roaming\npm\node_modules\protractor\node_modules\jasminewd2\index.js:94:19)
    at attempt (C:\Users\skowkuntla\AppData\Roaming\npm\node_modules\protractor\node_modules\jasmine-core\lib\jasmine-core\jasmine.js:4297:26)
    at QueueRunner.run (C:\Users\skowkuntla\AppData\Roaming\npm\node_modules\protractor\node_modules\jasmine-core\lib\jasmine-core\jasmine.js:4217:20)
    at QueueRunner.execute (C:\Users\skowkuntla\AppData\Roaming\npm\node_modules\protractor\node_modules\jasmine-core\lib\jasmine-core\jasmine.js:4199:10)
    at Spec.queueRunnerFactory (C:\Users\skowkuntla\AppData\Roaming\npm\node_modules\protractor\node_modules\jasmine-core\lib\jasmine-core\jasmine.js:909:35)
    at Spec.execute (C:\Users\skowkuntla\AppData\Roaming\npm\node_modules\protractor\node_modules\jasmine-core\lib\jasmine-core\jasmine.js:526:10)
    at UserContext.fn (C:\Users\skowkuntla\AppData\Roaming\npm\node_modules\protractor\node_modules\jasmine-core\lib\jasmine-core\jasmine.js:5340:37)
    at attempt (C:\Users\skowkuntla\AppData\Roaming\npm\node_modules\protractor\node_modules\jasmine-core\lib\jasmine-core\jasmine.js:4297:26)
    at QueueRunner.run (C:\Users\skowkuntla\AppData\Roaming\npm\node_modules\protractor\node_modules\jasmine-core\lib\jasmine-core\jasmine.js:4217:20)
    at runNext (C:\Users\skowkuntla\AppData\Roaming\npm\node_modules\protractor\node_modules\jasmine-core\lib\jasmine-core\jasmine.js:4257:20)
    at C:\Users\skowkuntla\AppData\Roaming\npm\node_modules\protractor\node_modules\jasmine-core\lib\jasmine-core\jasmine.js:4264:13
    at C:\Users\skowkuntla\AppData\Roaming\npm\node_modules\protractor\node_modules\jasmine-core\lib\jasmine-core\jasmine.js:4172:9
    at QueueRunner.complete [as onComplete] (C:\Users\skowkuntla\AppData\Roaming\npm\node_modules\protractor\node_modules\jasmine-core\lib\jasmine-core\jasmine.js:533:9)
    at Immediate.<anonymous> (C:\Users\skowkuntla\AppData\Roaming\npm\node_modules\protractor\node_modules\jasmine-core\lib\jasmine-core\jasmine.js:4231:12)
    at processImmediate (node:internal/timers:463:21)
From asynchronous test: 
Error
    at Suite.<anonymous> (C:\Users\skowkuntla\Desktop\Protractor\Learning\tests\calculator_spec.js:23:8)
    at addSpecsToSuite (C:\Users\skowkuntla\AppData\Roaming\npm\node_modules\protractor\node_modules\jasmine-core\lib\jasmine-core\jasmine.js:1107:25)
    at Env.describe (C:\Users\skowkuntla\AppData\Roaming\npm\node_modules\protractor\node_modules\jasmine-core\lib\jasmine-core\jasmine.js:1074:7)
    at describe (C:\Users\skowkuntla\AppData\Roaming\npm\node_modules\protractor\node_modules\jasmine-core\lib\jasmine-core\jasmine.js:4399:18)
    at Object.<anonymous> (C:\Users\skowkuntla\Desktop\Protractor\Learning\tests\calculator_spec.js:5:1)
    at Module._compile (node:internal/modules/cjs/loader:1102:14)
    at Object.Module._extensions..js (node:internal/modules/cjs/loader:1131:10)
    at Module.load (C:\Users\skowkuntla\node_modules\coffeescript\lib\coffee-script\register.js:45:36)
    at Function.Module._load (node:internal/modules/cjs/loader:807:14)
    at Module.require (node:internal/modules/cjs/loader:991:19)
    at require (node:internal/modules/cjs/helpers:92:18)
    at C:\Users\skowkuntla\AppData\Roaming\npm\node_modules\protractor\node_modules\jasmine\lib\jasmine.js:93:5
    at Array.forEach (<anonymous>)
    at Jasmine.loadSpecs (C:\Users\skowkuntla\AppData\Roaming\npm\node_modules\protractor\node_modules\jasmine\lib\jasmine.js:92:18)
    at Jasmine.execute (C:\Users\skowkuntla\AppData\Roaming\npm\node_modules\protractor\node_modules\jasmine\lib\jasmine.js:197:8)
    at C:\Users\skowkuntla\AppData\Roaming\npm\node_modules\protractor\built\frameworks\jasmine.js:132:15
    at Function.promise (C:\Users\skowkuntla\AppData\Roaming\npm\node_modules\protractor\node_modules\q\q.js:682:9)
    at C:\Users\skowkuntla\AppData\Roaming\npm\node_modules\protractor\built\frameworks\jasmine.js:104:14
    at _fulfilled (C:\Users\skowkuntla\AppData\Roaming\npm\node_modules\protractor\node_modules\q\q.js:834:54)
    at C:\Users\skowkuntla\AppData\Roaming\npm\node_modules\protractor\node_modules\q\q.js:863:30
    at Promise.promise.promiseDispatch (C:\Users\skowkuntla\AppData\Roaming\npm\node_modules\protractor\node_modules\q\q.js:796:13)
    at C:\Users\skowkuntla\AppData\Roaming\npm\node_modules\protractor\node_modules\q\q.js:556:49
    at runSingle (C:\Users\skowkuntla\AppData\Roaming\npm\node_modules\protractor\node_modules\q\q.js:137:13)
    at flush (C:\Users\skowkuntla\AppData\Roaming\npm\node_modules\protractor\node_modules\q\q.js:125:13)
    at processTicksAndRejections (node:internal/process/task_queues:75:11)]]>
   </failure>
  </testcase>
 </testsuite>
</testsuites>